<?xml version="1.0" encoding="UTF-8"?>
<testsuite name="auto.bdd.DefinitionTestSuite" time="0.096" tests="5" errors="2" skipped="0" failures="0">
  <properties>
    <property name="java.runtime.name" value="Java(TM) SE Runtime Environment"/>
    <property name="sun.boot.library.path" value="C:\Program Files\Java\jdk1.8.0_92\jre\bin"/>
    <property name="java.vm.version" value="25.92-b14"/>
    <property name="java.vm.vendor" value="Oracle Corporation"/>
    <property name="maven.multiModuleProjectDirectory" value="C:\Users\PhuongHD\workspace\phuongunit7"/>
    <property name="java.vendor.url" value="http://java.oracle.com/"/>
    <property name="path.separator" value=";"/>
    <property name="guice.disable.misplaced.annotation.check" value="true"/>
    <property name="java.vm.name" value="Java HotSpot(TM) Client VM"/>
    <property name="file.encoding.pkg" value="sun.io"/>
    <property name="user.script" value=""/>
    <property name="user.country" value="US"/>
    <property name="sun.java.launcher" value="SUN_STANDARD"/>
    <property name="sun.os.patch.level" value="Service Pack 1"/>
    <property name="java.vm.specification.name" value="Java Virtual Machine Specification"/>
    <property name="user.dir" value="C:\Users\PhuongHD\workspace\phuongunit7"/>
    <property name="java.runtime.version" value="1.8.0_92-b14"/>
    <property name="java.awt.graphicsenv" value="sun.awt.Win32GraphicsEnvironment"/>
    <property name="java.endorsed.dirs" value="C:\Program Files\Java\jdk1.8.0_92\jre\lib\endorsed"/>
    <property name="os.arch" value="x86"/>
    <property name="java.io.tmpdir" value="C:\Users\PhuongHD\AppData\Local\Temp\"/>
    <property name="line.separator" value="&#10;"/>
    <property name="java.vm.specification.vendor" value="Oracle Corporation"/>
    <property name="user.variant" value=""/>
    <property name="os.name" value="Windows 7"/>
    <property name="classworlds.conf" value="C:\apache-maven-3.3.9\bin\m2.conf"/>
    <property name="sun.jnu.encoding" value="Cp1252"/>
    <property name="java.library.path" value="C:\Program Files\Java\jdk1.8.0_92\bin;C:\Windows\Sun\Java\bin;C:\Windows\system32;C:\Windows;C:\PROGRAMDATA\ORACLE\JAVA\JAVAPATH;C:\Windows\SYSTEM32;C:\Windows;C:\Windows\SYSTEM32\WBEM;C:\Windows\SYSTEM32\WINDOWSPOWERSHELL\V1.0\;C:\PROGRAM FILES\INTEL\OPENCL SDK\3.0\BIN\X86;C:\PROGRAM FILES\SKYPE\PHONE\;C:\Program Files\Java\jdk1.8.0_92\bin;.;C:\Program Files\Lenovo\Bluetooth Software\;C:\Program Files\Git\cmd;C:\apache-maven-3.3.9\bin;."/>
    <property name="java.specification.name" value="Java Platform API Specification"/>
    <property name="java.class.version" value="52.0"/>
    <property name="sun.management.compiler" value="HotSpot Client Compiler"/>
    <property name="os.version" value="6.1"/>
    <property name="user.home" value="C:\Users\PhuongHD"/>
    <property name="user.timezone" value="Asia/Bangkok"/>
    <property name="java.awt.printerjob" value="sun.awt.windows.WPrinterJob"/>
    <property name="java.specification.version" value="1.8"/>
    <property name="file.encoding" value="Cp1252"/>
    <property name="user.name" value="PhuongHD"/>
    <property name="java.class.path" value="C:\apache-maven-3.3.9\boot\plexus-classworlds-2.5.2.jar"/>
    <property name="java.vm.specification.version" value="1.8"/>
    <property name="sun.arch.data.model" value="32"/>
    <property name="java.home" value="C:\Program Files\Java\jdk1.8.0_92\jre"/>
    <property name="sun.java.command" value="org.codehaus.plexus.classworlds.launcher.Launcher clean test verify"/>
    <property name="java.specification.vendor" value="Oracle Corporation"/>
    <property name="user.language" value="en"/>
    <property name="awt.toolkit" value="sun.awt.windows.WToolkit"/>
    <property name="java.vm.info" value="mixed mode"/>
    <property name="java.version" value="1.8.0_92"/>
    <property name="java.ext.dirs" value="C:\Program Files\Java\jdk1.8.0_92\jre\lib\ext;C:\Windows\Sun\Java\lib\ext"/>
    <property name="sun.boot.class.path" value="C:\Program Files\Java\jdk1.8.0_92\jre\lib\resources.jar;C:\Program Files\Java\jdk1.8.0_92\jre\lib\rt.jar;C:\Program Files\Java\jdk1.8.0_92\jre\lib\sunrsasign.jar;C:\Program Files\Java\jdk1.8.0_92\jre\lib\jsse.jar;C:\Program Files\Java\jdk1.8.0_92\jre\lib\jce.jar;C:\Program Files\Java\jdk1.8.0_92\jre\lib\charsets.jar;C:\Program Files\Java\jdk1.8.0_92\jre\lib\jfr.jar;C:\Program Files\Java\jdk1.8.0_92\jre\classes"/>
    <property name="sun.stderr.encoding" value="cp437"/>
    <property name="java.vendor" value="Oracle Corporation"/>
    <property name="maven.home" value="C:\apache-maven-3.3.9"/>
    <property name="file.separator" value="\"/>
    <property name="java.vendor.url.bug" value="http://bugreport.sun.com/bugreport/"/>
    <property name="sun.cpu.endian" value="little"/>
    <property name="sun.io.unicode.encoding" value="UnicodeLittle"/>
    <property name="sun.stdout.encoding" value="cp437"/>
    <property name="sun.desktop" value="windows"/>
    <property name="sun.cpu.isalist" value="pentium_pro+mmx pentium_pro pentium+mmx pentium i486 i386 i86"/>
  </properties>
  <testcase name="Given Open rediff page" classname="Scenario: Login with invalid username" time="0"/>
  <testcase name="When I am input username is &quot;pinkgirl6103&quot;" classname="Scenario: Login with invalid username" time="0"/>
  <testcase name="And user click Signin button" classname="Scenario: Login with invalid username" time="0"/>
  <testcase name="Then I verify the error message is &quot;Please enter your password&quot;" classname="Scenario: Login with invalid username" time="0.048">
    <error type="java.lang.NullPointerException:"><![CDATA[java.lang.NullPointerException: null
	at auto.bdd.pages.OpenPage.getMsg(OpenPage.java:33)
	at auto.bdd.steps.serenity.OpenStep.verify_msg_alert(OpenStep.java:28)
	at auto.bdd.steps.serenity.OpenStep$$EnhancerByCGLIB$$1bb79dc7.CGLIB$verify_msg_alert$3(<generated>)
	at auto.bdd.steps.serenity.OpenStep$$EnhancerByCGLIB$$1bb79dc7$$FastClassByCGLIB$$e04dd0be.invoke(<generated>)
	at net.sf.cglib.proxy.MethodProxy.invokeSuper(MethodProxy.java:228)
	at net.thucydides.core.steps.BaseMethodRunner.invokeMethod(BaseMethodRunner.java:10)
	at net.thucydides.core.steps.NormalMethodRunner.invokeMethodAndNotifyFailures(NormalMethodRunner.java:20)
	at net.thucydides.core.steps.StepInterceptor.runNormalMethod(StepInterceptor.java:269)
	at net.thucydides.core.steps.StepInterceptor.testStepResult(StepInterceptor.java:127)
	at net.thucydides.core.steps.StepInterceptor.intercept(StepInterceptor.java:61)
	at auto.bdd.steps.serenity.OpenStep$$EnhancerByCGLIB$$1bb79dc7.verify_msg_alert(<generated>)
	at auto.bdd.steps.DefinitionStep.i_verify_the_error_message_is(DefinitionStep.java:40)
	at ✽.Then I verify the error message is "Please enter your password"(Login.feature:10)
]]></error>
  </testcase>
  <testcase name="Scenario: Login with invalid username" classname="Scenario: Login with invalid username" time="0.048">
    <error type="java.lang.NullPointerException:"><![CDATA[java.lang.NullPointerException: null
	at auto.bdd.pages.OpenPage.getMsg(OpenPage.java:33)
	at auto.bdd.steps.serenity.OpenStep.verify_msg_alert(OpenStep.java:28)
	at auto.bdd.steps.serenity.OpenStep$$EnhancerByCGLIB$$1bb79dc7.CGLIB$verify_msg_alert$3(<generated>)
	at auto.bdd.steps.serenity.OpenStep$$EnhancerByCGLIB$$1bb79dc7$$FastClassByCGLIB$$e04dd0be.invoke(<generated>)
	at net.sf.cglib.proxy.MethodProxy.invokeSuper(MethodProxy.java:228)
	at net.thucydides.core.steps.BaseMethodRunner.invokeMethod(BaseMethodRunner.java:10)
	at net.thucydides.core.steps.NormalMethodRunner.invokeMethodAndNotifyFailures(NormalMethodRunner.java:20)
	at net.thucydides.core.steps.StepInterceptor.runNormalMethod(StepInterceptor.java:269)
	at net.thucydides.core.steps.StepInterceptor.testStepResult(StepInterceptor.java:127)
	at net.thucydides.core.steps.StepInterceptor.intercept(StepInterceptor.java:61)
	at auto.bdd.steps.serenity.OpenStep$$EnhancerByCGLIB$$1bb79dc7.verify_msg_alert(<generated>)
	at auto.bdd.steps.DefinitionStep.i_verify_the_error_message_is(DefinitionStep.java:40)
	at ✽.Then I verify the error message is "Please enter your password"(Login.feature:10)
]]></error>
  </testcase>
</testsuite>