<?xml version="1.0" encoding="UTF-8"?>
<testsuite name="auto.bdd.DefinitionTestSuite" time="0.096" tests="5" errors="2" skipped="0" failures="0">
  <properties>
[...]
</properties>
  <testcase name="Given Open rediff page" classname="Scenario: Login with invalid username" time="0"/>
  <testcase name="When I am input username is &quot;pinkgirl6103&quot;" classname="Scenario: Login with invalid username" time="0"/>
  <testcase name="And user click Signin button" classname="Scenario: Login with invalid username" time="0"/>
  <testcase name="Then I verify the error message is &quot;Please enter your password&quot;" classname="Scenario: Login with invalid username" time="0.048">
    <error type="java.lang.NullPointerException:"><![CDATA[java.lang.NullPointerException: null
	at auto.bdd.pages.OpenPage.getMsg(OpenPage.java:33)
	at auto.bdd.steps.serenity.OpenStep.verify_msg_alert(OpenStep.java:28)
	at auto.bdd.steps.serenity.OpenStep$$EnhancerByCGLIB$$1bb79dc7.CGLIB$verify_msg_alert$3(<generated>)
	at auto.bdd.steps.serenity.OpenStep$$EnhancerByCGLIB$$1bb79dc7$$FastClassByCGLIB$$e04dd0be.invoke(<generated>)
	at net.sf.cglib.proxy.MethodProxy.invokeSuper(MethodProxy.java:228)
	at net.thucydides.core.steps.BaseMethodRunner.invokeMethod(BaseMethodRunner.java:10)
	at net.thucydides.core.steps.NormalMethodRunner.invokeMethodAndNotifyFailures(NormalMethodRunner.java:20)
	at net.thucydides.core.steps.StepInterceptor.runNormalMethod(StepInterceptor.java:269)
	at net.thucydides.core.steps.StepInterceptor.testStepResult(StepInterceptor.java:127)
	at net.thucydides.core.steps.StepInterceptor.intercept(StepInterceptor.java:61)
	at auto.bdd.steps.serenity.OpenStep$$EnhancerByCGLIB$$1bb79dc7.verify_msg_alert(<generated>)
	at auto.bdd.steps.DefinitionStep.i_verify_the_error_message_is(DefinitionStep.java:40)
	at ✽.Then I verify the error message is "Please enter your password"(Login.feature:10)
]]></error>
  </testcase>
  <testcase name="Scenario: Login with invalid username" classname="Scenario: Login with invalid username" time="0.048">
    <error type="java.lang.NullPointerException:"><![CDATA[java.lang.NullPointerException: null
	at auto.bdd.pages.OpenPage.getMsg(OpenPage.java:33)
	at auto.bdd.steps.serenity.OpenStep.verify_msg_alert(OpenStep.java:28)
	at auto.bdd.steps.serenity.OpenStep$$EnhancerByCGLIB$$1bb79dc7.CGLIB$verify_msg_alert$3(<generated>)
	at auto.bdd.steps.serenity.OpenStep$$EnhancerByCGLIB$$1bb79dc7$$FastClassByCGLIB$$e04dd0be.invoke(<generated>)
	at net.sf.cglib.proxy.MethodProxy.invokeSuper(MethodProxy.java:228)
	at net.thucydides.core.steps.BaseMethodRunner.invokeMethod(BaseMethodRunner.java:10)
	at net.thucydides.core.steps.NormalMethodRunner.invokeMethodAndNotifyFailures(NormalMethodRunner.java:20)
	at net.thucydides.core.steps.StepInterceptor.runNormalMethod(StepInterceptor.java:269)
	at net.thucydides.core.steps.StepInterceptor.testStepResult(StepInterceptor.java:127)
	at net.thucydides.core.steps.StepInterceptor.intercept(StepInterceptor.java:61)
	at auto.bdd.steps.serenity.OpenStep$$EnhancerByCGLIB$$1bb79dc7.verify_msg_alert(<generated>)
	at auto.bdd.steps.DefinitionStep.i_verify_the_error_message_is(DefinitionStep.java:40)
	at ✽.Then I verify the error message is "Please enter your password"(Login.feature:10)
]]></error>
  </testcase>
</testsuite>